INFO:root:Loaded film_work table from SQLite3 database. Number of rows = 999
INFO:root:Successfully inserted 999 rows into film_work table
INFO:root:Loaded film_work table from SQLite3 database. Number of rows = 999
INFO:root:Successfully inserted 999 rows into film_work table
INFO:root:Loaded batch from film_work SQLite3 database table.
INFO:root:Successfully inserted 500 rows into film_work table
INFO:root:Loaded batch from film_work SQLite3 database table.
INFO:root:Successfully inserted 500 rows into film_work table
INFO:root:Loaded batch from film_work SQLite3 database table.
INFO:root:Successfully inserted 500 rows into film_work table
INFO:root:Loaded batch from film_work SQLite3 database table.
INFO:root:Successfully inserted 500 rows into film_work table
INFO:root:Loaded batch from film_work SQLite3 database table.
INFO:root:Successfully inserted 500 rows into film_work table
INFO:root:Loaded batch from film_work SQLite3 database table.
INFO:root:Successfully inserted 500 rows into film_work table
INFO:root:Loaded batch from film_work SQLite3 database table.
INFO:root:Successfully inserted 500 rows into film_work table
INFO:root:Loaded batch from film_work SQLite3 database table.
INFO:root:Successfully inserted 500 rows into film_work table
INFO:root:Loaded batch from film_work SQLite3 database table.
INFO:root:Successfully inserted 500 rows into film_work table
INFO:root:Loaded batch from film_work SQLite3 database table.
INFO:root:Successfully inserted 500 rows into film_work table
INFO:root:Loaded batch from film_work SQLite3 database table.
INFO:root:Successfully inserted 500 rows into film_work table
INFO:root:Loaded batch from film_work SQLite3 database table.
INFO:root:Successfully inserted 500 rows into film_work table
INFO:root:Loaded batch from film_work SQLite3 database table.
INFO:root:Successfully inserted 500 rows into film_work table
INFO:root:Loaded batch from film_work SQLite3 database table.
INFO:root:Successfully inserted 500 rows into film_work table
INFO:root:Loaded batch from film_work SQLite3 database table.
INFO:root:Successfully inserted 500 rows into film_work table
INFO:root:Loaded batch from film_work SQLite3 database table.
INFO:root:Successfully inserted 500 rows into film_work table
INFO:root:Loaded batch from film_work SQLite3 database table.
INFO:root:Successfully inserted 500 rows into film_work table
INFO:root:Loaded batch from film_work SQLite3 database table.
INFO:root:Successfully inserted 500 rows into film_work table
INFO:root:Loaded batch from film_work SQLite3 database table.
INFO:root:Successfully inserted 500 rows into film_work table
INFO:root:Loaded batch from film_work SQLite3 database table.
INFO:root:Successfully inserted 500 rows into film_work table
INFO:root:Loaded batch from film_work SQLite3 database table.
INFO:root:Successfully inserted 500 rows into film_work table
INFO:root:Loaded batch from film_work SQLite3 database table.
INFO:root:Successfully inserted 500 rows into film_work table
INFO:root:Loaded batch from film_work SQLite3 database table.
INFO:root:Successfully inserted 500 rows into film_work table
INFO:root:Loaded batch from film_work SQLite3 database table.
INFO:root:Successfully inserted 500 rows into film_work table
INFO:root:Loaded batch from film_work SQLite3 database table.
INFO:root:Successfully inserted 500 rows into film_work table
INFO:root:Loaded batch from film_work SQLite3 database table.
INFO:root:Successfully inserted 500 rows into film_work table
INFO:root:Loaded batch from film_work SQLite3 database table.
INFO:root:Successfully inserted 500 rows into film_work table
INFO:root:Loaded batch from film_work SQLite3 database table.
INFO:root:Successfully inserted 500 rows into film_work table
INFO:root:Loaded batch from film_work SQLite3 database table.
INFO:root:Successfully inserted 500 rows into film_work table
INFO:root:Loaded batch from film_work SQLite3 database table.
INFO:root:Successfully inserted 500 rows into film_work table
INFO:root:Loaded batch from film_work SQLite3 database table.
INFO:root:Successfully inserted 500 rows into film_work table
INFO:root:Loaded batch from film_work SQLite3 database table.
INFO:root:Successfully inserted 500 rows into film_work table
INFO:root:Loaded batch from film_work SQLite3 database table.
INFO:root:Successfully inserted 500 rows into film_work table
INFO:root:Loaded batch from film_work SQLite3 database table.
INFO:root:Successfully inserted 500 rows into film_work table
INFO:root:Loaded batch from film_work SQLite3 database table.
INFO:root:Successfully inserted 500 rows into film_work table
INFO:root:Loaded batch from film_work SQLite3 database table.
INFO:root:Successfully inserted 500 rows into film_work table
INFO:root:Loaded batch from film_work SQLite3 database table.
INFO:root:Successfully inserted 500 rows into film_work table
INFO:root:Loaded batch from film_work SQLite3 database table.
INFO:root:Successfully inserted 500 rows into film_work table
INFO:root:Loaded batch from film_work SQLite3 database table.
INFO:root:Successfully inserted 500 rows into film_work table
INFO:root:Loaded batch from film_work SQLite3 database table.
INFO:root:Successfully inserted 500 rows into film_work table
INFO:root:Loaded batch from film_work SQLite3 database table.
INFO:root:Successfully inserted 500 rows into film_work table
INFO:root:Loaded batch from film_work SQLite3 database table.
INFO:root:Successfully inserted 500 rows into film_work table
INFO:root:Loaded batch from film_work SQLite3 database table.
INFO:root:Successfully inserted 500 rows into film_work table
INFO:root:Loaded batch from film_work SQLite3 database table.
INFO:root:Successfully inserted 500 rows into film_work table
INFO:root:Loaded batch from film_work SQLite3 database table.
INFO:root:Successfully inserted 500 rows into film_work table
INFO:root:Loaded batch from film_work SQLite3 database table.
INFO:root:Successfully inserted 500 rows into film_work table
INFO:root:Loaded batch from film_work SQLite3 database table.
INFO:root:Successfully inserted 500 rows into film_work table
INFO:root:Loaded batch from film_work SQLite3 database table.
INFO:root:Successfully inserted 500 rows into film_work table
INFO:root:Loaded batch from film_work SQLite3 database table.
INFO:root:Successfully inserted 500 rows into film_work table
INFO:root:Loaded batch from film_work SQLite3 database table.
INFO:root:Successfully inserted 500 rows into film_work table
INFO:root:Loaded batch from film_work SQLite3 database table.
INFO:root:Successfully inserted 500 rows into film_work table
INFO:root:Loaded batch from film_work SQLite3 database table.
INFO:root:Successfully inserted 500 rows into film_work table
INFO:root:Loaded batch from film_work SQLite3 database table.
INFO:root:Successfully inserted 500 rows into film_work table
INFO:root:Loaded batch from film_work SQLite3 database table.
INFO:root:Successfully inserted 500 rows into film_work table
INFO:root:Loaded batch from film_work SQLite3 database table.
INFO:root:Successfully inserted 500 rows into film_work table
INFO:root:Loaded batch from film_work SQLite3 database table.
INFO:root:Successfully inserted 500 rows into film_work table
INFO:root:Loaded batch from film_work SQLite3 database table.
INFO:root:Successfully inserted 500 rows into film_work table
INFO:root:Loaded batch from film_work SQLite3 database table.
INFO:root:Successfully inserted 500 rows into film_work table
INFO:root:Loaded batch from film_work SQLite3 database table.
INFO:root:Successfully inserted 500 rows into film_work table
INFO:root:Loaded batch from film_work SQLite3 database table.
INFO:root:Successfully inserted 500 rows into film_work table
INFO:root:Loaded batch from film_work SQLite3 database table.
INFO:root:Successfully inserted 500 rows into film_work table
INFO:root:Loaded batch from film_work SQLite3 database table.
INFO:root:Successfully inserted 500 rows into film_work table
INFO:root:Loaded batch from film_work SQLite3 database table.
INFO:root:Successfully inserted 500 rows into film_work table
INFO:root:Loaded batch from film_work SQLite3 database table.
INFO:root:Successfully inserted 500 rows into film_work table
INFO:root:Loaded batch from film_work SQLite3 database table.
INFO:root:Successfully inserted 500 rows into film_work table
INFO:root:Loaded batch from film_work SQLite3 database table.
INFO:root:Successfully inserted 500 rows into film_work table
INFO:root:Loaded batch from film_work SQLite3 database table.
INFO:root:Successfully inserted 500 rows into film_work table
INFO:root:Loaded batch from film_work SQLite3 database table.
INFO:root:Successfully inserted 500 rows into film_work table
INFO:root:Loaded batch from film_work SQLite3 database table.
INFO:root:Successfully inserted 500 rows into film_work table
INFO:root:Loaded batch from film_work SQLite3 database table.
INFO:root:Successfully inserted 500 rows into film_work table
INFO:root:Loaded batch from film_work SQLite3 database table.
INFO:root:Successfully inserted 500 rows into film_work table
INFO:root:Loaded batch from film_work SQLite3 database table.
INFO:root:Successfully inserted 500 rows into film_work table
INFO:root:Loaded batch from film_work SQLite3 database table.
INFO:root:Successfully inserted 500 rows into film_work table
INFO:root:Loaded batch from film_work SQLite3 database table.
INFO:root:Successfully inserted 500 rows into film_work table
INFO:root:Loaded batch from film_work SQLite3 database table.
INFO:root:Successfully inserted 500 rows into film_work table
INFO:root:Loaded batch from film_work SQLite3 database table.
INFO:root:Successfully inserted 500 rows into film_work table
INFO:root:Loaded batch from film_work SQLite3 database table.
INFO:root:Successfully inserted 500 rows into film_work table
INFO:root:Loaded batch from film_work SQLite3 database table.
INFO:root:Successfully inserted 500 rows into film_work table
INFO:root:Loaded batch from film_work SQLite3 database table.
INFO:root:Successfully inserted 500 rows into film_work table
INFO:root:Loaded batch from film_work SQLite3 database table.
INFO:root:Successfully inserted 500 rows into film_work table
INFO:root:Loaded batch from film_work SQLite3 database table.
INFO:root:Successfully inserted 500 rows into film_work table
INFO:root:Loaded batch from film_work SQLite3 database table.
INFO:root:Successfully inserted 500 rows into film_work table
INFO:root:Loaded batch from film_work SQLite3 database table.
INFO:root:Successfully inserted 500 rows into film_work table
INFO:root:Loaded batch from film_work SQLite3 database table.
INFO:root:Successfully inserted 500 rows into film_work table
INFO:root:Loaded batch from film_work SQLite3 database table.
INFO:root:Successfully inserted 500 rows into film_work table
INFO:root:Loaded batch from film_work SQLite3 database table.
INFO:root:Successfully inserted 500 rows into film_work table
INFO:root:Loaded batch from film_work SQLite3 database table.
INFO:root:Successfully inserted 500 rows into film_work table
INFO:root:Loaded batch from film_work SQLite3 database table.
INFO:root:Successfully inserted 500 rows into film_work table
INFO:root:Loaded batch from film_work SQLite3 database table.
INFO:root:Successfully inserted 500 rows into film_work table
INFO:root:Loaded batch from film_work SQLite3 database table.
INFO:root:Successfully inserted 500 rows into film_work table
INFO:root:Loaded batch from film_work SQLite3 database table.
INFO:root:Successfully inserted 500 rows into film_work table
INFO:root:Loaded batch from film_work SQLite3 database table.
INFO:root:Successfully inserted 500 rows into film_work table
INFO:root:Loaded batch from film_work SQLite3 database table.
INFO:root:Successfully inserted 500 rows into film_work table
INFO:root:Loaded batch from film_work SQLite3 database table.
INFO:root:Successfully inserted 500 rows into film_work table
INFO:root:Loaded batch from film_work SQLite3 database table.
INFO:root:Successfully inserted 500 rows into film_work table
INFO:root:Loaded batch from film_work SQLite3 database table.
INFO:root:Successfully inserted 500 rows into film_work table
INFO:root:Loaded batch from film_work SQLite3 database table.
INFO:root:Successfully inserted 500 rows into film_work table
INFO:root:Loaded batch from film_work SQLite3 database table.
INFO:root:Successfully inserted 500 rows into film_work table
INFO:root:Loaded batch from film_work SQLite3 database table.
INFO:root:Successfully inserted 500 rows into film_work table
INFO:root:Loaded batch from film_work SQLite3 database table.
INFO:root:Successfully inserted 500 rows into film_work table
INFO:root:Loaded batch from film_work SQLite3 database table.
INFO:root:Successfully inserted 500 rows into film_work table
INFO:root:Loaded batch from film_work SQLite3 database table.
INFO:root:Successfully inserted 500 rows into film_work table
INFO:root:Loaded batch from film_work SQLite3 database table.
INFO:root:Successfully inserted 500 rows into film_work table
INFO:root:Loaded batch from film_work SQLite3 database table.
INFO:root:Loaded batch from film_work SQLite3 database table.
INFO:root:Successfully inserted 500 rows into film_work table
INFO:root:Loaded batch from film_work SQLite3 database table.
INFO:root:Successfully inserted 500 rows into film_work table
INFO:root:Loaded batch from film_work SQLite3 database table.
INFO:root:Successfully inserted 500 rows into film_work table
INFO:root:Loaded batch from film_work SQLite3 database table.
INFO:root:Successfully inserted 500 rows into film_work table
INFO:root:Loaded batch from film_work SQLite3 database table.
INFO:root:Successfully inserted 500 rows into film_work table
INFO:root:Loaded batch from film_work SQLite3 database table.
INFO:root:Successfully inserted 500 rows into film_work table
INFO:root:Loaded batch from genre SQLite3 database table.
INFO:root:Successfully inserted 26 rows into genre table
INFO:root:Loaded batch from person SQLite3 database table.
INFO:root:Successfully inserted 500 rows into person table
INFO:root:Loaded batch from person_film_work SQLite3 database table.
ERROR:root:Error: duplicate key value violates unique constraint "film_work_person_idx"
DETAIL:  Key (film_work_id, person_id)=(d77e45fc-2b84-442f-b652-caf31cb07c80, 46befdf3-165c-46b3-b1ae-2356af4f8392) already exists.

INFO:root:Loaded batch from film_work SQLite3 database table.
INFO:root:Successfully inserted 500 rows into film_work table
INFO:root:Loaded batch from film_work SQLite3 database table.
INFO:root:Successfully inserted 500 rows into film_work table
INFO:root:Loaded batch from film_work SQLite3 database table.
INFO:root:Successfully inserted 500 rows into film_work table
INFO:root:Loaded batch from film_work SQLite3 database table.
INFO:root:Successfully inserted 500 rows into film_work table
INFO:root:Loaded batch from film_work SQLite3 database table.
INFO:root:Successfully inserted 500 rows into film_work table
INFO:root:Loaded batch from film_work SQLite3 database table.
INFO:root:Successfully inserted 500 rows into film_work table
INFO:root:Loaded batch from film_work SQLite3 database table.
INFO:root:Successfully inserted 500 rows into film_work table
INFO:root:Loaded batch from film_work SQLite3 database table.
INFO:root:Successfully inserted 500 rows into film_work table
INFO:root:Loaded batch from film_work SQLite3 database table.
INFO:root:Successfully inserted 500 rows into film_work table
INFO:root:Loaded batch from film_work SQLite3 database table.
INFO:root:Successfully inserted 500 rows into film_work table
INFO:root:Loaded batch from film_work SQLite3 database table.
INFO:root:Successfully inserted 500 rows into film_work table
INFO:root:Loaded batch from film_work SQLite3 database table.
INFO:root:Successfully inserted 500 rows into film_work table
INFO:root:Loaded batch from film_work SQLite3 database table.
INFO:root:Successfully inserted 500 rows into film_work table
INFO:root:Loaded batch from film_work SQLite3 database table.
INFO:root:Successfully inserted 500 rows into film_work table
INFO:root:Loaded batch from film_work SQLite3 database table.
INFO:root:Successfully inserted 500 rows into film_work table
INFO:root:Loaded batch from film_work SQLite3 database table.
INFO:root:Successfully inserted 500 rows into film_work table
INFO:root:Loaded batch from film_work SQLite3 database table.
INFO:root:Successfully inserted 500 rows into film_work table
INFO:root:Loaded batch from film_work SQLite3 database table.
INFO:root:Successfully inserted 500 rows into film_work table
INFO:root:Loaded batch from film_work SQLite3 database table.
INFO:root:Successfully inserted 500 rows into film_work table
INFO:root:Loaded batch from film_work SQLite3 database table.
INFO:root:Successfully inserted 500 rows into film_work table
INFO:root:Loaded batch from film_work SQLite3 database table.
INFO:root:Successfully inserted 500 rows into film_work table
INFO:root:Loaded batch from film_work SQLite3 database table.
INFO:root:Successfully inserted 500 rows into film_work table
INFO:root:Loaded batch from film_work SQLite3 database table.
INFO:root:Successfully inserted 500 rows into film_work table
INFO:root:Loaded batch from film_work SQLite3 database table.
INFO:root:Successfully inserted 500 rows into film_work table
INFO:root:Loaded batch from film_work SQLite3 database table.
INFO:root:Successfully inserted 500 rows into film_work table
INFO:root:Successfully inserted 500 rows into film_work table
INFO:root:Successfully inserted 500 rows into film_work table
INFO:root:Successfully inserted 500 rows into film_work table
INFO:root:Successfully inserted 500 rows into film_work table
INFO:root:Successfully inserted 500 rows into film_work table
INFO:root:Successfully inserted 500 rows into film_work table
INFO:root:Successfully inserted 500 rows into film_work table
INFO:root:Successfully inserted 500 rows into film_work table
INFO:root:Successfully inserted 500 rows into film_work table
INFO:root:Successfully inserted 500 rows into film_work table
INFO:root:Successfully inserted 500 rows into film_work table
INFO:root:Successfully inserted 500 rows into film_work table
INFO:root:Successfully inserted 500 rows into film_work table
INFO:root:Successfully inserted 500 rows into film_work table
INFO:root:Successfully inserted 500 rows into film_work table
INFO:root:Successfully inserted 500 rows into film_work table
INFO:root:Successfully inserted 500 rows into film_work table
INFO:root:Successfully inserted 500 rows into film_work table
INFO:root:Successfully inserted 500 rows into film_work table
INFO:root:Successfully inserted 500 rows into film_work table
INFO:root:Successfully inserted 500 rows into film_work table
INFO:root:Successfully inserted 500 rows into film_work table
INFO:root:Successfully inserted 500 rows into film_work table
INFO:root:Successfully inserted 500 rows into film_work table
INFO:root:Successfully inserted 500 rows into film_work table
INFO:root:Successfully inserted 500 rows into film_work table
INFO:root:Successfully inserted 500 rows into film_work table
INFO:root:Successfully inserted 500 rows into film_work table
INFO:root:Successfully inserted 500 rows into film_work table
INFO:root:Successfully inserted 500 rows into film_work table
INFO:root:Successfully inserted 500 rows into film_work table
INFO:root:Successfully inserted 500 rows into film_work table
INFO:root:Successfully inserted 500 rows into film_work table
INFO:root:Successfully inserted 500 rows into film_work table
INFO:root:Successfully inserted 500 rows into film_work table
INFO:root:Successfully inserted 500 rows into film_work table
INFO:root:Successfully inserted 500 rows into film_work table
INFO:root:Successfully inserted 500 rows into film_work table
INFO:root:Successfully inserted 500 rows into film_work table
INFO:root:Successfully inserted 500 rows into film_work table
INFO:root:Successfully inserted 500 rows into film_work table
INFO:root:Successfully inserted 500 rows into film_work table
INFO:root:Successfully inserted 500 rows into film_work table
INFO:root:Successfully inserted 500 rows into film_work table
INFO:root:Successfully inserted 500 rows into film_work table
INFO:root:Successfully inserted 500 rows into film_work table
INFO:root:Successfully inserted 500 rows into film_work table
INFO:root:Successfully inserted 500 rows into film_work table
INFO:root:Successfully inserted 500 rows into film_work table
INFO:root:Successfully inserted 500 rows into film_work table
INFO:root:Successfully inserted 500 rows into film_work table
INFO:root:Successfully inserted 500 rows into film_work table
INFO:root:Successfully inserted 500 rows into film_work table
INFO:root:Successfully inserted 500 rows into film_work table
INFO:root:Successfully inserted 500 rows into film_work table
INFO:root:Successfully inserted 500 rows into film_work table
INFO:root:Successfully inserted 500 rows into film_work table
INFO:root:Successfully inserted 500 rows into film_work table
INFO:root:Successfully inserted 500 rows into film_work table
INFO:root:Successfully inserted 500 rows into film_work table
INFO:root:Successfully inserted 500 rows into film_work table
INFO:root:Successfully inserted 500 rows into film_work table
INFO:root:Successfully inserted 500 rows into film_work table
INFO:root:Successfully inserted 500 rows into film_work table
INFO:root:Successfully inserted 500 rows into film_work table
INFO:root:Successfully inserted 500 rows into film_work table
INFO:root:Successfully inserted 500 rows into film_work table
INFO:root:Successfully inserted 500 rows into film_work table
INFO:root:Successfully inserted 500 rows into film_work table
INFO:root:Successfully inserted 500 rows into film_work table
INFO:root:Successfully inserted 500 rows into film_work table
INFO:root:Successfully inserted 500 rows into film_work table
INFO:root:Successfully inserted 500 rows into film_work table
INFO:root:Successfully inserted 500 rows into film_work table
INFO:root:Successfully inserted 500 rows into film_work table
INFO:root:Successfully inserted 500 rows into film_work table
INFO:root:Successfully inserted 500 rows into film_work table
INFO:root:Successfully inserted 500 rows into film_work table
INFO:root:Successfully inserted 500 rows into film_work table
INFO:root:Successfully inserted 500 rows into film_work table
INFO:root:Successfully inserted 500 rows into film_work table
INFO:root:Successfully inserted 500 rows into film_work table
INFO:root:Successfully inserted 500 rows into film_work table
INFO:root:Successfully inserted 500 rows into film_work table
INFO:root:Successfully inserted 500 rows into film_work table
INFO:root:Successfully inserted 500 rows into film_work table
INFO:root:Successfully inserted 500 rows into film_work table
INFO:root:Successfully inserted 500 rows into film_work table
INFO:root:Successfully inserted 500 rows into film_work table
INFO:root:Successfully inserted 500 rows into film_work table
INFO:root:Successfully inserted 500 rows into film_work table
INFO:root:Successfully inserted 500 rows into film_work table
INFO:root:Successfully inserted 500 rows into film_work table
INFO:root:Successfully inserted 500 rows into film_work table
INFO:root:Successfully inserted 500 rows into film_work table
INFO:root:Successfully inserted 500 rows into film_work table
INFO:root:Successfully inserted 500 rows into film_work table
INFO:root:Successfully inserted 500 rows into film_work table
INFO:root:Successfully inserted 500 rows into film_work table
INFO:root:Successfully inserted 500 rows into film_work table
INFO:root:Successfully inserted 500 rows into film_work table
INFO:root:Successfully inserted 500 rows into film_work table
INFO:root:Successfully inserted 500 rows into film_work table
INFO:root:Successfully inserted 500 rows into film_work table
INFO:root:Successfully inserted 500 rows into film_work table
INFO:root:Successfully inserted 500 rows into film_work table
INFO:root:Successfully inserted 500 rows into film_work table
INFO:root:Successfully inserted 500 rows into film_work table
INFO:root:Successfully inserted 500 rows into film_work table
INFO:root:Successfully inserted 500 rows into film_work table
INFO:root:Successfully inserted 500 rows into film_work table
INFO:root:Successfully inserted 500 rows into film_work table
INFO:root:Successfully inserted 500 rows into film_work table
INFO:root:Successfully inserted 500 rows into film_work table
INFO:root:Successfully inserted 500 rows into film_work table
INFO:root:Successfully inserted 500 rows into film_work table
INFO:root:Successfully inserted 500 rows into film_work table
INFO:root:Successfully inserted 500 rows into film_work table
INFO:root:Successfully inserted 500 rows into film_work table
INFO:root:Successfully inserted 500 rows into film_work table
INFO:root:Successfully inserted 500 rows into film_work table
INFO:root:Successfully inserted 500 rows into film_work table
INFO:root:Successfully inserted 500 rows into film_work table
INFO:root:Successfully inserted 500 rows into film_work table
INFO:root:Successfully inserted 500 rows into film_work table
INFO:root:Successfully inserted 500 rows into film_work table
INFO:root:Successfully inserted 500 rows into film_work table
INFO:root:Successfully inserted 500 rows into film_work table
INFO:root:Successfully inserted 500 rows into film_work table
INFO:root:Successfully inserted 500 rows into film_work table
INFO:root:Successfully inserted 500 rows into film_work table
INFO:root:Successfully inserted 500 rows into film_work table
INFO:root:Successfully inserted 500 rows into film_work table
INFO:root:Successfully inserted 500 rows into film_work table
INFO:root:Successfully inserted 500 rows into film_work table
INFO:root:Successfully inserted 500 rows into film_work table
INFO:root:Successfully inserted 500 rows into film_work table
INFO:root:Loaded batch from film_work SQLite3 database table.
INFO:root:Successfully inserted 26 rows into genre table
INFO:root:Loaded batch from genre SQLite3 database table.
INFO:root:Successfully inserted 100 rows into film_work table
INFO:root:Loaded batch from film_work SQLite3 database table.
INFO:root:Successfully inserted 100 rows into film_work table
INFO:root:Successfully inserted 200 rows into film_work table
INFO:root:Successfully inserted 100 rows into film_work table
INFO:root:Successfully inserted 100 rows into film_work table
INFO:root:Successfully inserted 100 rows into film_work table
INFO:root:Successfully inserted 100 rows into film_work table
INFO:root:Successfully inserted 100 rows into film_work table
INFO:root:Successfully inserted 100 rows into film_work table
INFO:root:Successfully inserted 100 rows into film_work table
INFO:root:Successfully inserted 500 rows into film_work table
INFO:root:Successfully inserted 499 rows into film_work table
INFO:root:Loaded batch from film_work SQLite3 database table.
INFO:root:Successfully inserted 26 rows into genre table
INFO:root:Loaded batch from genre SQLite3 database table.
INFO:root:Successfully inserted 500 rows into person table
INFO:root:Successfully inserted 500 rows into person table
INFO:root:Successfully inserted 500 rows into person table
